Performing system checks...

System check identified no issues (0 silenced).
November 21, 2025 - 13:41:00
Django version 5.2.8, using settings 'attendance_system.settings'
Starting development server at http://127.0.0.1:8000/
Quit the server with CTRL-BREAK.

WARNING: This is a development server. Do not use it in a production setting. Use a production WSGI or ASGI server instead.
For more information on production servers see: https://docs.djangoproject.com/en/5.2/howto/deployment/
[pywebview] Failed to delete user data folder: [WinError 5] Access is denied: 'C:\\Users\\Shizan\\AppData\\Local\\Temp\\tmp7z9u6jx0\\EBWebView\\BrowserMetrics\\BrowserMetrics-69201E9D-2FC8.pma'
Performing system checks...

System check identified no issues (0 silenced).
November 21, 2025 - 13:42:24
Django version 5.2.8, using settings 'attendance_system.settings'
Starting development server at http://127.0.0.1:8000/
Quit the server with CTRL-BREAK.

WARNING: This is a development server. Do not use it in a production setting. Use a production WSGI or ASGI server instead.
For more information on production servers see: https://docs.djangoproject.com/en/5.2/howto/deployment/
[pywebview] Failed to delete user data folder: [WinError 5] Access is denied: 'C:\\Users\\Shizan\\AppData\\Local\\Temp\\tmpw30a90pr\\EBWebView\\BrowserMetrics\\BrowserMetrics-69201EEB-1BEC.pma'
Performing system checks...

System check identified no issues (0 silenced).
November 21, 2025 - 16:35:19
Django version 5.2.8, using settings 'attendance_system.settings'
Starting development server at http://127.0.0.1:8000/
Quit the server with CTRL-BREAK.

WARNING: This is a development server. Do not use it in a production setting. Use a production WSGI or ASGI server instead.
For more information on production servers see: https://docs.djangoproject.com/en/5.2/howto/deployment/
Performing system checks...

System check identified no issues (0 silenced).
November 21, 2025 - 16:37:53
Django version 5.2.8, using settings 'attendance_system.settings'
Starting development server at http://127.0.0.1:8000/
Quit the server with CTRL-BREAK.

WARNING: This is a development server. Do not use it in a production setting. Use a production WSGI or ASGI server instead.
For more information on production servers see: https://docs.djangoproject.com/en/5.2/howto/deployment/
Performing system checks...

System check identified no issues (0 silenced).
November 28, 2025 - 11:40:57
Django version 5.2.8, using settings 'attendance_system.settings'
Starting development server at http://127.0.0.1:8000/
Quit the server with CTRL-BREAK.

WARNING: This is a development server. Do not use it in a production setting. Use a production WSGI or ASGI server instead.
For more information on production servers see: https://docs.djangoproject.com/en/5.2/howto/deployment/
[28/Nov/2025 11:40:59] "GET / HTTP/1.1" 302 0
[28/Nov/2025 11:40:59] "GET /login/?next=/ HTTP/1.1" 200 8401
Not Found: /favicon.ico
[28/Nov/2025 11:41:00] "GET /favicon.ico HTTP/1.1" 404 5758
[28/Nov/2025 11:42:18] "POST /login/ HTTP/1.1" 302 0
[28/Nov/2025 11:42:20] "GET / HTTP/1.1" 200 14572
[28/Nov/2025 11:42:34] "POST /check_in/ HTTP/1.1" 302 0
[28/Nov/2025 11:42:36] "GET / HTTP/1.1" 200 15526
[28/Nov/2025 11:42:46] "GET /leave-request/ HTTP/1.1" 200 15200
